<IDENTIFIER, "audio1">
<ASSIGN, "=">
<LOAD, "load">
<LPR, "(">
<STRING, "audio1.wav">
<RPR, ")">
<FOR, "for">
<LBRACE, "{">
<IDENTIFIER, "audio1">
<ASSIGN, "=">
<IDENTIFIER, "loop">
<LPR, "(">
<IDENTIFIER, "audio1">
<COMMA, ",">
<IDENTIFIER, "count">
<COLON, ":">
<INTEGER, "1">
<RPR, ")">
<IDENTIFIER, "duration">
<ASSIGN, "=">
<IDENTIFIER, "getDuration">
<LPR, "(">
<IDENTIFIER, "audio1">
<RPR, ")">
<IF, "if">
<LPR, "(">
<IDENTIFIER, "duration">
<GT, ">">
<FLOAT, "10.0">
<RPR, ")">
<LBRACE, "{">
<IDENTIFIER, "break">
<RBRACE, "}">
<RBRACE, "}">
<EXPORT, "export">
<LPR, "(">
<IDENTIFIER, "audio1">
<COMMA, ",">
<STRING, "looped_audio1.wav">
<RPR, ")">
<EOF, "">
