<IDENTIFIER, "aud1">
<ASSIGN, "=">
<IDENTIFIER, "load">
<LPR, "(">
<STRING, "input1.wav">
<RPR, ")">
<IDENTIFIER, "format">
<ASSIGN, "=">
<STRING, "aac">
<IF, "if">
<LPR, "(">
<IDENTIFIER, "format">
<EQUALS, "==">
<STRING, "aac">
<RPR, ")">
<LBRACE, "{">
<IDENTIFIER, "changeFormat">
<LPR, "(">
<IDENTIFIER, "aud1">
<COMMA, ",">
<STRING, "aac">
<RPR, ")">
<IDENTIFIER, "export">
<LPR, "(">
<IDENTIFIER, "aud1">
<COMMA, ",">
<STRING, "output1.aac">
<RPR, ")">
<RBRACE, "}">
<ELSE, "else">
<LBRACE, "{">
<IDENTIFIER, "changeFormat">
<LPR, "(">
<IDENTIFIER, "aud1">
<COMMA, ",">
<STRING, "mp3">
<RPR, ")">
<IDENTIFIER, "export">
<LPR, "(">
<IDENTIFIER, "aud1">
<COMMA, ",">
<STRING, "output1.mp3">
<RPR, ")">
<RBRACE, "}">
<EOF, "">
