<IDENTIFIER, "aud1">
<ASSIGN, "=">
<IDENTIFIER, "load">
<LPR, "(">
<STRING, "input1.wav">
<RPR, ")">
<IDENTIFIER, "aud2">
<ASSIGN, "=">
<IDENTIFIER, "load">
<LPR, "(">
<STRING, "input2.wav">
<RPR, ")">
<IDENTIFIER, "aud1">
<ASSIGN, "=">
<IDENTIFIER, "fadeIn">
<LPR, "(">
<IDENTIFIER, "aud1">
<COMMA, ",">
<FLOAT, "3.0">
<RPR, ")">
<IDENTIFIER, "aud2">
<ASSIGN, "=">
<IDENTIFIER, "fadeOut">
<LPR, "(">
<IDENTIFIER, "aud2">
<COMMA, ",">
<FLOAT, "3.0">
<RPR, ")">
<IDENTIFIER, "aud1">
<ASSIGN, "=">
<IDENTIFIER, "trim">
<LPR, "(">
<IDENTIFIER, "aud1">
<COMMA, ",">
<FLOAT, "5.0">
<COMMA, ",">
<FLOAT, "30.0">
<RPR, ")">
<IDENTIFIER, "aud">
<ASSIGN, "=">
<IDENTIFIER, "trim">
<LPR, "(">
<IDENTIFIER, "aud2">
<COMMA, ",">
<FLOAT, "5.0">
<COMMA, ",">
<FLOAT, "30.0">
<RPR, ")">
<IDENTIFIER, "res">
<ASSIGN, "=">
<IDENTIFIER, "join">
<LPR, "(">
<IDENTIFIER, "aud1">
<COMMA, ",">
<IDENTIFIER, "aud2">
<RPR, ")">
<INTEGER, "123">
<IDENTIFIER, "res">
<ASSIGN, "=">
<IDENTIFIER, "res">
<EOF, "">
lexer has 1 error(s):
invalid number at line 12, position 4
